<?xml version="1.0" encoding="UTF-8"?>
<!-- Generated by org.testng.reporters.JUnitReportReporter -->
<testsuite hostname="KrunalPatel" failures="0" tests="2" name="test.com.GradeTest" time="0.002" errors="0" timestamp="26 Aug 2023 17:01:19 GMT">
  <testcase classname="test.com.GradeTest" name="testGradeFail" time="0.000"/>
  <testcase classname="test.com.GradeTest" name="testGrade" time="0.002"/>
</testsuite> <!-- test.com.GradeTest -->
